<?xml version="1.0" encoding="UTF-8"?>
<testsuite name="utils.RateLimiterTest" tests="4" skipped="0" failures="0" errors="0" timestamp="2024-11-03T07:52:23" hostname="LOUIS-ASUS" time="0.019">
  <properties/>
  <testcase name="reset_ShouldResetRequestCountAndFirstRequestTime()" classname="utils.RateLimiterTest" time="0.008"/>
  <testcase name="enforceRateLimit_ExceedLimit_ShouldThrowRateLimitExceededException()" classname="utils.RateLimiterTest" time="0.003"/>
  <testcase name="enforceRateLimit_WithinLimit_ShouldNotThrowException()" classname="utils.RateLimiterTest" time="0.002"/>
  <testcase name="enforceRateLimit_AfterReset_ShouldAllowRequests()" classname="utils.RateLimiterTest" time="0.003"/>
  <system-out><![CDATA[]]></system-out>
  <system-err><![CDATA[]]></system-err>
</testsuite>
