<?xml version="1.0" encoding="UTF-8"?>
<testsuite name="utils.RateLimiterTest" tests="4" skipped="0" failures="0" errors="0" timestamp="2024-11-03T07:47:52" hostname="LOUIS-ASUS" time="0.016">
  <properties/>
  <testcase name="reset_ShouldResetRequestCountAndFirstRequestTime()" classname="utils.RateLimiterTest" time="0.007"/>
  <testcase name="enforceRateLimit_ExceedLimit_ShouldThrowRateLimitExceededException()" classname="utils.RateLimiterTest" time="0.002"/>
  <testcase name="enforceRateLimit_WithinLimit_ShouldNotThrowException()" classname="utils.RateLimiterTest" time="0.002"/>
  <testcase name="enforceRateLimit_AfterReset_ShouldAllowRequests()" classname="utils.RateLimiterTest" time="0.002"/>
  <system-out><![CDATA[]]></system-out>
  <system-err><![CDATA[]]></system-err>
</testsuite>
